<?xml version="1.0" encoding="UTF-8"?>
<!-- Generated by org.testng.reporters.JUnitReportReporter -->
<testsuite hostname="ANBARASAN_J" name="com.photon.phresco.testcases.WelcomePageTestCase" tests="2" failures="0" timestamp="24 Apr 2013 06:46:04 GMT" time="0.297" errors="0">
  <testcase name="testToVerifyTheAudioDevicesAddToCart" time="0.297" classname="com.photon.phresco.testcases.WelcomePageTestCase"/>
  <testcase name="testWelcomePageScreen" time="0.000" classname="com.photon.phresco.testcases.WelcomePageTestCase"/>
</testsuite> <!-- com.photon.phresco.testcases.WelcomePageTestCase -->
